2020-11-09 20:16:09,600  INFO [TestNG-tests-2] WebEventListener:37 - Before navigating to: 'https://social.ndtv.com/'
2020-11-09 20:16:09,774  INFO [TestNG-tests-1] WebEventListener:37 - Before navigating to: 'https://social.ndtv.com/'
2020-11-09 20:16:12,674  INFO [TestNG-tests-1] WebEventListener:42 - Navigated to:'https://social.ndtv.com/'
2020-11-09 20:16:12,740  INFO [TestNG-tests-1] WebEventListener:151 - Trying to find Element By : By.cssSelector: a.topnavmore
2020-11-09 20:16:13,138  INFO [TestNG-tests-2] WebEventListener:42 - Navigated to:'https://social.ndtv.com/'
2020-11-09 20:16:13,139  INFO [TestNG-tests-2] WebEventListener:151 - Trying to find Element By : By.cssSelector: a.topnavmore
2020-11-09 20:16:14,794 ERROR [TestNG-tests-1] WebEventListener:126 - Exception occurred: no such element: Unable to locate element: {"method":"css selector","selector":"a.topnavmore"}
  (Session info: chrome=86.0.4240.183)
For documentation on this error, please visit: https://www.seleniumhq.org/exceptions/no_such_element.html
Build info: version: '3.141.59', revision: 'e82be7d358', time: '2018-11-14T08:17:03'
System info: host: 'shubhams-MacBook-Pro.local', ip: '2405:201:6002:5945:a544:5e45:1b8:1318%en0', os.name: 'Mac OS X', os.arch: 'x86_64', os.version: '10.14.6', java.version: '1.8.0_161'
Driver info: org.openqa.selenium.chrome.ChromeDriver
Capabilities {acceptInsecureCerts: false, browserName: chrome, browserVersion: 86.0.4240.183, chrome: {chromedriverVersion: 86.0.4240.22 (398b0743353ff..., userDataDir: /var/folders/6z/40gdgzl97ml...}, goog:chromeOptions: {debuggerAddress: localhost:61916}, javascriptEnabled: true, networkConnectionEnabled: false, pageLoadStrategy: normal, platform: MAC, platformName: MAC, proxy: Proxy(), setWindowRect: true, strictFileInteractability: false, timeouts: {implicit: 0, pageLoad: 300000, script: 30000}, unhandledPromptBehavior: dismiss and notify, webauthn:virtualAuthenticators: true}
Session ID: 37e502c4bc535a1073f5b33970353fbb
*** Element info: {Using=css selector, value=a.topnavmore}
2020-11-09 20:16:15,193 ERROR [TestNG-tests-2] WebEventListener:126 - Exception occurred: no such element: Unable to locate element: {"method":"css selector","selector":"a.topnavmore"}
  (Session info: chrome=86.0.4240.183)
For documentation on this error, please visit: https://www.seleniumhq.org/exceptions/no_such_element.html
Build info: version: '3.141.59', revision: 'e82be7d358', time: '2018-11-14T08:17:03'
System info: host: 'shubhams-MacBook-Pro.local', ip: '2405:201:6002:5945:a544:5e45:1b8:1318%en0', os.name: 'Mac OS X', os.arch: 'x86_64', os.version: '10.14.6', java.version: '1.8.0_161'
Driver info: org.openqa.selenium.chrome.ChromeDriver
Capabilities {acceptInsecureCerts: false, browserName: chrome, browserVersion: 86.0.4240.183, chrome: {chromedriverVersion: 86.0.4240.22 (398b0743353ff..., userDataDir: /var/folders/6z/40gdgzl97ml...}, goog:chromeOptions: {debuggerAddress: localhost:61915}, javascriptEnabled: true, networkConnectionEnabled: false, pageLoadStrategy: normal, platform: MAC, platformName: MAC, proxy: Proxy(), setWindowRect: true, strictFileInteractability: false, timeouts: {implicit: 0, pageLoad: 300000, script: 30000}, unhandledPromptBehavior: dismiss and notify, webauthn:virtualAuthenticators: true}
Session ID: c8c93885a5ecee94423e1a551246e225
*** Element info: {Using=css selector, value=a.topnavmore}
2020-11-09 20:16:15,299  INFO [TestNG-tests-1] WebEventListener:151 - Trying to find Element By : By.cssSelector: a.topnavmore
2020-11-09 20:16:15,699  INFO [TestNG-tests-2] WebEventListener:151 - Trying to find Element By : By.cssSelector: a.topnavmore
2020-11-09 20:16:17,307 ERROR [TestNG-tests-1] WebEventListener:126 - Exception occurred: no such element: Unable to locate element: {"method":"css selector","selector":"a.topnavmore"}
  (Session info: chrome=86.0.4240.183)
For documentation on this error, please visit: https://www.seleniumhq.org/exceptions/no_such_element.html
Build info: version: '3.141.59', revision: 'e82be7d358', time: '2018-11-14T08:17:03'
System info: host: 'shubhams-MacBook-Pro.local', ip: '2405:201:6002:5945:a544:5e45:1b8:1318%en0', os.name: 'Mac OS X', os.arch: 'x86_64', os.version: '10.14.6', java.version: '1.8.0_161'
Driver info: org.openqa.selenium.chrome.ChromeDriver
Capabilities {acceptInsecureCerts: false, browserName: chrome, browserVersion: 86.0.4240.183, chrome: {chromedriverVersion: 86.0.4240.22 (398b0743353ff..., userDataDir: /var/folders/6z/40gdgzl97ml...}, goog:chromeOptions: {debuggerAddress: localhost:61916}, javascriptEnabled: true, networkConnectionEnabled: false, pageLoadStrategy: normal, platform: MAC, platformName: MAC, proxy: Proxy(), setWindowRect: true, strictFileInteractability: false, timeouts: {implicit: 0, pageLoad: 300000, script: 30000}, unhandledPromptBehavior: dismiss and notify, webauthn:virtualAuthenticators: true}
Session ID: 37e502c4bc535a1073f5b33970353fbb
*** Element info: {Using=css selector, value=a.topnavmore}
2020-11-09 20:16:17,754 ERROR [TestNG-tests-2] WebEventListener:126 - Exception occurred: no such element: Unable to locate element: {"method":"css selector","selector":"a.topnavmore"}
  (Session info: chrome=86.0.4240.183)
For documentation on this error, please visit: https://www.seleniumhq.org/exceptions/no_such_element.html
Build info: version: '3.141.59', revision: 'e82be7d358', time: '2018-11-14T08:17:03'
System info: host: 'shubhams-MacBook-Pro.local', ip: '2405:201:6002:5945:a544:5e45:1b8:1318%en0', os.name: 'Mac OS X', os.arch: 'x86_64', os.version: '10.14.6', java.version: '1.8.0_161'
Driver info: org.openqa.selenium.chrome.ChromeDriver
Capabilities {acceptInsecureCerts: false, browserName: chrome, browserVersion: 86.0.4240.183, chrome: {chromedriverVersion: 86.0.4240.22 (398b0743353ff..., userDataDir: /var/folders/6z/40gdgzl97ml...}, goog:chromeOptions: {debuggerAddress: localhost:61915}, javascriptEnabled: true, networkConnectionEnabled: false, pageLoadStrategy: normal, platform: MAC, platformName: MAC, proxy: Proxy(), setWindowRect: true, strictFileInteractability: false, timeouts: {implicit: 0, pageLoad: 300000, script: 30000}, unhandledPromptBehavior: dismiss and notify, webauthn:virtualAuthenticators: true}
Session ID: c8c93885a5ecee94423e1a551246e225
*** Element info: {Using=css selector, value=a.topnavmore}
2020-11-09 20:16:17,811  INFO [TestNG-tests-1] WebEventListener:151 - Trying to find Element By : By.cssSelector: a.topnavmore
2020-11-09 20:16:18,259  INFO [TestNG-tests-2] WebEventListener:151 - Trying to find Element By : By.cssSelector: a.topnavmore
2020-11-09 20:16:19,862 ERROR [TestNG-tests-1] WebEventListener:126 - Exception occurred: no such element: Unable to locate element: {"method":"css selector","selector":"a.topnavmore"}
  (Session info: chrome=86.0.4240.183)
For documentation on this error, please visit: https://www.seleniumhq.org/exceptions/no_such_element.html
Build info: version: '3.141.59', revision: 'e82be7d358', time: '2018-11-14T08:17:03'
System info: host: 'shubhams-MacBook-Pro.local', ip: '2405:201:6002:5945:a544:5e45:1b8:1318%en0', os.name: 'Mac OS X', os.arch: 'x86_64', os.version: '10.14.6', java.version: '1.8.0_161'
Driver info: org.openqa.selenium.chrome.ChromeDriver
Capabilities {acceptInsecureCerts: false, browserName: chrome, browserVersion: 86.0.4240.183, chrome: {chromedriverVersion: 86.0.4240.22 (398b0743353ff..., userDataDir: /var/folders/6z/40gdgzl97ml...}, goog:chromeOptions: {debuggerAddress: localhost:61916}, javascriptEnabled: true, networkConnectionEnabled: false, pageLoadStrategy: normal, platform: MAC, platformName: MAC, proxy: Proxy(), setWindowRect: true, strictFileInteractability: false, timeouts: {implicit: 0, pageLoad: 300000, script: 30000}, unhandledPromptBehavior: dismiss and notify, webauthn:virtualAuthenticators: true}
Session ID: 37e502c4bc535a1073f5b33970353fbb
*** Element info: {Using=css selector, value=a.topnavmore}
2020-11-09 20:16:20,318 ERROR [TestNG-tests-2] WebEventListener:126 - Exception occurred: no such element: Unable to locate element: {"method":"css selector","selector":"a.topnavmore"}
  (Session info: chrome=86.0.4240.183)
For documentation on this error, please visit: https://www.seleniumhq.org/exceptions/no_such_element.html
Build info: version: '3.141.59', revision: 'e82be7d358', time: '2018-11-14T08:17:03'
System info: host: 'shubhams-MacBook-Pro.local', ip: '2405:201:6002:5945:a544:5e45:1b8:1318%en0', os.name: 'Mac OS X', os.arch: 'x86_64', os.version: '10.14.6', java.version: '1.8.0_161'
Driver info: org.openqa.selenium.chrome.ChromeDriver
Capabilities {acceptInsecureCerts: false, browserName: chrome, browserVersion: 86.0.4240.183, chrome: {chromedriverVersion: 86.0.4240.22 (398b0743353ff..., userDataDir: /var/folders/6z/40gdgzl97ml...}, goog:chromeOptions: {debuggerAddress: localhost:61915}, javascriptEnabled: true, networkConnectionEnabled: false, pageLoadStrategy: normal, platform: MAC, platformName: MAC, proxy: Proxy(), setWindowRect: true, strictFileInteractability: false, timeouts: {implicit: 0, pageLoad: 300000, script: 30000}, unhandledPromptBehavior: dismiss and notify, webauthn:virtualAuthenticators: true}
Session ID: c8c93885a5ecee94423e1a551246e225
*** Element info: {Using=css selector, value=a.topnavmore}
2020-11-09 20:16:20,364  INFO [TestNG-tests-1] WebEventListener:151 - Trying to find Element By : By.cssSelector: a.topnavmore
2020-11-09 20:16:20,820  INFO [TestNG-tests-2] WebEventListener:151 - Trying to find Element By : By.cssSelector: a.topnavmore
2020-11-09 20:16:22,376 ERROR [TestNG-tests-1] WebEventListener:126 - Exception occurred: no such element: Unable to locate element: {"method":"css selector","selector":"a.topnavmore"}
  (Session info: chrome=86.0.4240.183)
For documentation on this error, please visit: https://www.seleniumhq.org/exceptions/no_such_element.html
Build info: version: '3.141.59', revision: 'e82be7d358', time: '2018-11-14T08:17:03'
System info: host: 'shubhams-MacBook-Pro.local', ip: '2405:201:6002:5945:a544:5e45:1b8:1318%en0', os.name: 'Mac OS X', os.arch: 'x86_64', os.version: '10.14.6', java.version: '1.8.0_161'
Driver info: org.openqa.selenium.chrome.ChromeDriver
Capabilities {acceptInsecureCerts: false, browserName: chrome, browserVersion: 86.0.4240.183, chrome: {chromedriverVersion: 86.0.4240.22 (398b0743353ff..., userDataDir: /var/folders/6z/40gdgzl97ml...}, goog:chromeOptions: {debuggerAddress: localhost:61916}, javascriptEnabled: true, networkConnectionEnabled: false, pageLoadStrategy: normal, platform: MAC, platformName: MAC, proxy: Proxy(), setWindowRect: true, strictFileInteractability: false, timeouts: {implicit: 0, pageLoad: 300000, script: 30000}, unhandledPromptBehavior: dismiss and notify, webauthn:virtualAuthenticators: true}
Session ID: 37e502c4bc535a1073f5b33970353fbb
*** Element info: {Using=css selector, value=a.topnavmore}
2020-11-09 20:16:22,877 ERROR [TestNG-tests-2] WebEventListener:126 - Exception occurred: no such element: Unable to locate element: {"method":"css selector","selector":"a.topnavmore"}
  (Session info: chrome=86.0.4240.183)
For documentation on this error, please visit: https://www.seleniumhq.org/exceptions/no_such_element.html
Build info: version: '3.141.59', revision: 'e82be7d358', time: '2018-11-14T08:17:03'
System info: host: 'shubhams-MacBook-Pro.local', ip: '2405:201:6002:5945:a544:5e45:1b8:1318%en0', os.name: 'Mac OS X', os.arch: 'x86_64', os.version: '10.14.6', java.version: '1.8.0_161'
Driver info: org.openqa.selenium.chrome.ChromeDriver
Capabilities {acceptInsecureCerts: false, browserName: chrome, browserVersion: 86.0.4240.183, chrome: {chromedriverVersion: 86.0.4240.22 (398b0743353ff..., userDataDir: /var/folders/6z/40gdgzl97ml...}, goog:chromeOptions: {debuggerAddress: localhost:61915}, javascriptEnabled: true, networkConnectionEnabled: false, pageLoadStrategy: normal, platform: MAC, platformName: MAC, proxy: Proxy(), setWindowRect: true, strictFileInteractability: false, timeouts: {implicit: 0, pageLoad: 300000, script: 30000}, unhandledPromptBehavior: dismiss and notify, webauthn:virtualAuthenticators: true}
Session ID: c8c93885a5ecee94423e1a551246e225
*** Element info: {Using=css selector, value=a.topnavmore}
2020-11-09 20:16:22,879  INFO [TestNG-tests-1] WebEventListener:151 - Trying to find Element By : By.cssSelector: a.topnavmore
2020-11-09 20:16:23,381  INFO [TestNG-tests-2] WebEventListener:151 - Trying to find Element By : By.cssSelector: a.topnavmore
2020-11-09 20:16:26,208  INFO [TestNG-tests-1] WebEventListener:156 - Found Element By : By.cssSelector: a.topnavmore
2020-11-09 20:16:27,571  INFO [TestNG-tests-2] WebEventListener:156 - Found Element By : By.cssSelector: a.topnavmore
2020-11-09 20:16:27,693  INFO [TestNG-tests-2] WebEventListener:151 - Trying to find Element By : By.cssSelector: a.topnavmore
2020-11-09 20:16:27,714  INFO [TestNG-tests-2] WebEventListener:156 - Found Element By : By.cssSelector: a.topnavmore
2020-11-09 20:16:27,714  INFO [TestNG-tests-2] WebEventListener:55 - Trying to click on: [[ChromeDriver: chrome on MAC (c8c93885a5ecee94423e1a551246e225)] -> css selector: a.topnavmore]
2020-11-09 20:16:27,850  INFO [TestNG-tests-2] WebEventListener:60 - Clicked on: [[ChromeDriver: chrome on MAC (c8c93885a5ecee94423e1a551246e225)] -> css selector: a.topnavmore]
2020-11-09 20:16:27,851  INFO [TestNG-tests-2] WebEventListener:151 - Trying to find Element By : By.xpath: //a[text()="WEATHER"]
2020-11-09 20:16:27,899  INFO [TestNG-tests-2] WebEventListener:156 - Found Element By : By.xpath: //a[text()="WEATHER"]
2020-11-09 20:16:27,921  INFO [TestNG-tests-2] WebEventListener:151 - Trying to find Element By : By.xpath: //a[text()="WEATHER"]
2020-11-09 20:16:27,930  INFO [TestNG-tests-2] WebEventListener:156 - Found Element By : By.xpath: //a[text()="WEATHER"]
2020-11-09 20:16:27,930  INFO [TestNG-tests-2] WebEventListener:55 - Trying to click on: [[ChromeDriver: chrome on MAC (c8c93885a5ecee94423e1a551246e225)] -> xpath: //a[text()="WEATHER"]]
2020-11-09 20:16:28,249  INFO [TestNG-tests-2] WebEventListener:60 - Clicked on: [[ChromeDriver: chrome on MAC (c8c93885a5ecee94423e1a551246e225)] -> xpath: //a[text()="WEATHER"]]
2020-11-09 20:16:28,269  INFO [TestNG-tests-2] WebEventListener:151 - Trying to find Element By : By.id: searchBox
2020-11-09 20:16:30,288 ERROR [TestNG-tests-2] WebEventListener:126 - Exception occurred: no such element: Unable to locate element: {"method":"css selector","selector":"#searchBox"}
  (Session info: chrome=86.0.4240.183)
For documentation on this error, please visit: https://www.seleniumhq.org/exceptions/no_such_element.html
Build info: version: '3.141.59', revision: 'e82be7d358', time: '2018-11-14T08:17:03'
System info: host: 'shubhams-MacBook-Pro.local', ip: '2405:201:6002:5945:a544:5e45:1b8:1318%en0', os.name: 'Mac OS X', os.arch: 'x86_64', os.version: '10.14.6', java.version: '1.8.0_161'
Driver info: org.openqa.selenium.chrome.ChromeDriver
Capabilities {acceptInsecureCerts: false, browserName: chrome, browserVersion: 86.0.4240.183, chrome: {chromedriverVersion: 86.0.4240.22 (398b0743353ff..., userDataDir: /var/folders/6z/40gdgzl97ml...}, goog:chromeOptions: {debuggerAddress: localhost:61915}, javascriptEnabled: true, networkConnectionEnabled: false, pageLoadStrategy: normal, platform: MAC, platformName: MAC, proxy: Proxy(), setWindowRect: true, strictFileInteractability: false, timeouts: {implicit: 0, pageLoad: 300000, script: 30000}, unhandledPromptBehavior: dismiss and notify, webauthn:virtualAuthenticators: true}
Session ID: c8c93885a5ecee94423e1a551246e225
*** Element info: {Using=id, value=searchBox}
2020-11-09 20:16:30,789  INFO [TestNG-tests-2] WebEventListener:151 - Trying to find Element By : By.id: searchBox
2020-11-09 20:16:31,282  INFO [TestNG-tests-2] WebEventListener:156 - Found Element By : By.id: searchBox
2020-11-09 20:16:31,298  INFO [TestNG-tests-2] WebEventListener:151 - Trying to find Element By : By.id: searchBox
2020-11-09 20:16:31,362  INFO [TestNG-tests-2] WebEventListener:156 - Found Element By : By.id: searchBox
2020-11-09 20:16:31,388  INFO [TestNG-tests-2] WebEventListener:151 - Trying to find Element By : By.id: searchBox
2020-11-09 20:16:31,395  INFO [TestNG-tests-2] WebEventListener:156 - Found Element By : By.id: searchBox
2020-11-09 20:16:31,543  INFO [TestNG-tests-2] WebEventListener:151 - Trying to find Element By : By.id: searchBox
2020-11-09 20:16:31,550  INFO [TestNG-tests-2] WebEventListener:156 - Found Element By : By.id: searchBox
2020-11-09 20:16:31,641  INFO [TestNG-tests-2] WebEventListener:151 - Trying to find Element By : By.id: Kanpur
2020-11-09 20:16:31,652  INFO [TestNG-tests-2] WebEventListener:156 - Found Element By : By.id: Kanpur
2020-11-09 20:16:31,991  INFO [TestNG-tests-1] WebEventListener:151 - Trying to find Element By : By.cssSelector: a.topnavmore
2020-11-09 20:16:31,999  INFO [TestNG-tests-1] WebEventListener:156 - Found Element By : By.cssSelector: a.topnavmore
2020-11-09 20:16:31,999  INFO [TestNG-tests-1] WebEventListener:55 - Trying to click on: [[ChromeDriver: chrome on MAC (37e502c4bc535a1073f5b33970353fbb)] -> css selector: a.topnavmore]
2020-11-09 20:16:32,193  INFO [TestNG-tests-1] WebEventListener:60 - Clicked on: [[ChromeDriver: chrome on MAC (37e502c4bc535a1073f5b33970353fbb)] -> css selector: a.topnavmore]
2020-11-09 20:16:32,193  INFO [TestNG-tests-1] WebEventListener:151 - Trying to find Element By : By.xpath: //a[text()="WEATHER"]
2020-11-09 20:16:32,206  INFO [TestNG-tests-1] WebEventListener:156 - Found Element By : By.xpath: //a[text()="WEATHER"]
2020-11-09 20:16:32,223  INFO [TestNG-tests-1] WebEventListener:151 - Trying to find Element By : By.xpath: //a[text()="WEATHER"]
2020-11-09 20:16:32,232  INFO [TestNG-tests-1] WebEventListener:156 - Found Element By : By.xpath: //a[text()="WEATHER"]
2020-11-09 20:16:32,232  INFO [TestNG-tests-1] WebEventListener:55 - Trying to click on: [[ChromeDriver: chrome on MAC (37e502c4bc535a1073f5b33970353fbb)] -> xpath: //a[text()="WEATHER"]]
2020-11-09 20:16:32,391  INFO [TestNG-tests-1] WebEventListener:60 - Clicked on: [[ChromeDriver: chrome on MAC (37e502c4bc535a1073f5b33970353fbb)] -> xpath: //a[text()="WEATHER"]]
2020-11-09 20:16:32,612  INFO [TestNG-tests-1] WebEventListener:151 - Trying to find Element By : By.id: searchBox
2020-11-09 20:16:33,442  INFO [TestNG-tests-1] WebEventListener:156 - Found Element By : By.id: searchBox
2020-11-09 20:16:33,455  INFO [TestNG-tests-1] WebEventListener:151 - Trying to find Element By : By.id: searchBox
2020-11-09 20:16:33,462  INFO [TestNG-tests-1] WebEventListener:156 - Found Element By : By.id: searchBox
2020-11-09 20:16:33,506  INFO [TestNG-tests-1] WebEventListener:151 - Trying to find Element By : By.id: searchBox
2020-11-09 20:16:33,513  INFO [TestNG-tests-1] WebEventListener:156 - Found Element By : By.id: searchBox
2020-11-09 20:16:33,635  INFO [TestNG-tests-1] WebEventListener:151 - Trying to find Element By : By.id: searchBox
2020-11-09 20:16:33,653  INFO [TestNG-tests-1] WebEventListener:156 - Found Element By : By.id: searchBox
2020-11-09 20:16:33,667  INFO [TestNG-tests-2] WebEventListener:55 - Trying to click on: [[ChromeDriver: chrome on MAC (c8c93885a5ecee94423e1a551246e225)] -> id: Kanpur]
2020-11-09 20:16:33,729  INFO [TestNG-tests-2] WebEventListener:60 - Clicked on: [[ChromeDriver: chrome on MAC (c8c93885a5ecee94423e1a551246e225)] -> id: Kanpur]
2020-11-09 20:16:33,746  INFO [TestNG-tests-1] WebEventListener:151 - Trying to find Element By : By.id: Bengaluru
2020-11-09 20:16:33,756  INFO [TestNG-tests-1] WebEventListener:156 - Found Element By : By.id: Bengaluru
2020-11-09 20:16:36,731  INFO [TestNG-tests-2] WebEventListener:151 - Trying to find Element By : By.cssSelector: div.outerContainer
2020-11-09 20:16:36,748  INFO [TestNG-tests-2] WebEventListener:156 - Found Element By : By.cssSelector: div.outerContainer
2020-11-09 20:16:36,828  INFO [TestNG-tests-2] WeatherPage:96 - CityName is present in the Map
2020-11-09 20:16:36,830  INFO [TestNG-tests-2] WebEventListener:151 - Trying to find Element By : By.cssSelector: div.outerContainer
2020-11-09 20:16:36,837  INFO [TestNG-tests-2] WebEventListener:156 - Found Element By : By.cssSelector: div.outerContainer
2020-11-09 20:16:36,908  INFO [TestNG-tests-2] WebEventListener:55 - Trying to click on: [[ChromeDriver: chrome on MAC (c8c93885a5ecee94423e1a551246e225)] -> css selector: div.outerContainer]
2020-11-09 20:16:36,942  INFO [TestNG-tests-2] WebEventListener:60 - Clicked on: [[ChromeDriver: chrome on MAC (c8c93885a5ecee94423e1a551246e225)] -> css selector: div.outerContainer]
2020-11-09 20:16:38,776  INFO [TestNG-tests-1] WebEventListener:151 - Trying to find Element By : By.cssSelector: div.outerContainer
2020-11-09 20:16:38,789  INFO [TestNG-tests-1] WebEventListener:156 - Found Element By : By.cssSelector: div.outerContainer
2020-11-09 20:16:38,868  INFO [TestNG-tests-1] WeatherPage:96 - CityName is present in the Map
2020-11-09 20:16:38,869  INFO [TestNG-tests-1] WebEventListener:151 - Trying to find Element By : By.cssSelector: div.outerContainer
2020-11-09 20:16:38,877  INFO [TestNG-tests-1] WebEventListener:156 - Found Element By : By.cssSelector: div.outerContainer
2020-11-09 20:16:38,883  INFO [TestNG-tests-1] WebEventListener:55 - Trying to click on: [[ChromeDriver: chrome on MAC (37e502c4bc535a1073f5b33970353fbb)] -> css selector: div.outerContainer]
2020-11-09 20:16:38,934  INFO [TestNG-tests-1] WebEventListener:60 - Clicked on: [[ChromeDriver: chrome on MAC (37e502c4bc535a1073f5b33970353fbb)] -> css selector: div.outerContainer]
2020-11-09 20:16:39,942  INFO [TestNG-tests-2] WebEventListener:151 - Trying to find Element By : By.xpath: //div[@class='leaflet-popup-content']/div/span[2]
2020-11-09 20:16:39,956  INFO [TestNG-tests-2] WebEventListener:156 - Found Element By : By.xpath: //div[@class='leaflet-popup-content']/div/span[2]
2020-11-09 20:16:39,967  INFO [TestNG-tests-2] WebEventListener:151 - Trying to find Element By : By.xpath: //div[@class='leaflet-popup-content']/div/span[3]
2020-11-09 20:16:39,977  INFO [TestNG-tests-2] WebEventListener:156 - Found Element By : By.xpath: //div[@class='leaflet-popup-content']/div/span[3]
2020-11-09 20:16:39,988  INFO [TestNG-tests-2] WebEventListener:151 - Trying to find Element By : By.xpath: //div[@class='leaflet-popup-content']/div/span[5]
2020-11-09 20:16:39,998  INFO [TestNG-tests-2] WebEventListener:156 - Found Element By : By.xpath: //div[@class='leaflet-popup-content']/div/span[5]
2020-11-09 20:16:40,008  INFO [TestNG-tests-2] WeatherPage:117 - Weather Details : {temp=84, humidity=24, wind=2.6}
2020-11-09 20:16:41,937  INFO [TestNG-tests-1] WebEventListener:151 - Trying to find Element By : By.xpath: //div[@class='leaflet-popup-content']/div/span[2]
2020-11-09 20:16:41,951  INFO [TestNG-tests-1] WebEventListener:156 - Found Element By : By.xpath: //div[@class='leaflet-popup-content']/div/span[2]
2020-11-09 20:16:41,962  INFO [TestNG-tests-1] WebEventListener:151 - Trying to find Element By : By.xpath: //div[@class='leaflet-popup-content']/div/span[3]
2020-11-09 20:16:41,971  INFO [TestNG-tests-1] WebEventListener:156 - Found Element By : By.xpath: //div[@class='leaflet-popup-content']/div/span[3]
2020-11-09 20:16:41,979  INFO [TestNG-tests-1] WebEventListener:151 - Trying to find Element By : By.xpath: //div[@class='leaflet-popup-content']/div/span[5]
2020-11-09 20:16:41,988  INFO [TestNG-tests-1] WebEventListener:156 - Found Element By : By.xpath: //div[@class='leaflet-popup-content']/div/span[5]
2020-11-09 20:16:41,996  INFO [TestNG-tests-1] WeatherPage:117 - Weather Details : {temp=81, humidity=54, wind=4.2}
2020-11-09 20:16:42,861  INFO [TestNG-tests-2] WeatherPage:133 - {"coord":{"lon":80.35,"lat":26.47},"weather":[{"id":721,"main":"Haze","description":"haze","icon":"50n"}],"base":"stations","main":{"temp":294.15,"feels_like":294.93,"temp_min":294.15,"temp_max":294.15,"pressure":1015,"humidity":68},"visibility":2000,"wind":{"speed":1.12,"deg":103},"clouds":{"all":0},"dt":1604932627,"sys":{"type":1,"id":9176,"country":"IN","sunrise":1604883205,"sunset":1604922692},"timezone":19800,"id":1267995,"name":"Kanpur","cod":200}
2020-11-09 20:16:43,073  INFO [TestNG-tests-1] WeatherPage:133 - {"coord":{"lon":77.6,"lat":12.98},"weather":[{"id":721,"main":"Haze","description":"haze","icon":"50n"}],"base":"stations","main":{"temp":296.31,"feels_like":295.41,"temp_min":295.15,"temp_max":297.15,"pressure":1016,"humidity":60},"visibility":5000,"wind":{"speed":3.57,"deg":34},"clouds":{"all":20},"dt":1604933202,"sys":{"type":1,"id":9205,"country":"IN","sunrise":1604882760,"sunset":1604924457},"timezone":19800,"id":1277333,"name":"Bengaluru","cod":200}
2020-11-09 20:16:43,453  INFO [TestNG-tests-2] TestUtil:34 - Value seen in Web - 84.0, Value received from API Response - 294.15
2020-11-09 20:16:43,453  INFO [TestNG-tests-1] TestUtil:34 - Value seen in Web - 81.0, Value received from API Response - 296.31
2020-11-09 20:16:43,454 ERROR [TestNG-tests-2] TestUtil:41 - Difference found is : 210.15, which is greater than expected : 40.0
2020-11-09 20:16:43,454 ERROR [TestNG-tests-1] TestUtil:41 - Difference found is : 215.31, which is greater than expected : 40.0
2020-11-09 20:16:49,725  INFO [TestNG-tests-1] TestUtil:21 - Value seen in Web - 54, Value received from API Response - 60
2020-11-09 20:16:49,726  INFO [TestNG-tests-2] TestUtil:21 - Value seen in Web - 24, Value received from API Response - 68
2020-11-09 20:16:49,726 ERROR [TestNG-tests-2] TestUtil:28 - Difference found is : 44, which is greater than expected : 40
2020-11-09 20:16:49,726 ERROR [TestNG-tests-1] TestUtil:25 - Difference found is : 6, which is lesser than than expected : 40
2020-11-09 20:16:52,794  INFO [TestNG-tests-2] TestUtil:34 - Value seen in Web - 2.6, Value received from API Response - 294.15
2020-11-09 20:16:52,794 ERROR [TestNG-tests-2] TestUtil:41 - Difference found is : 291.55, which is greater than expected : 80.0
2020-11-09 20:16:52,794  INFO [TestNG-tests-1] TestUtil:34 - Value seen in Web - 4.2, Value received from API Response - 296.31
2020-11-09 20:16:52,794 ERROR [TestNG-tests-1] TestUtil:41 - Difference found is : 292.11, which is greater than expected : 80.0
2020-11-09 20:16:59,284  INFO [main] WeatherPage:121 - driver for class : WeatherPageTestis closed
